<?xml version="1.0" encoding="UTF-8"?>
<testng-results total="1" passed="1" failed="0" skipped="0">
  <reporter-output>
  </reporter-output>
  <suite started-at="2022-12-26T23:21:59Z" name="Suite" finished-at="2022-12-26T23:22:38Z" duration-ms="38894">
    <groups>
    </groups>
    <test started-at="2022-12-26T23:21:59Z" name="Test" finished-at="2022-12-26T23:22:38Z" duration-ms="38894">
      <class name="Com.Naukari.QA.Com.Naukari.QA.POM.LoginLogout">
        <test-method signature="main()" started-at="2022-12-26T23:21:59Z" name="main" finished-at="2022-12-26T23:22:38Z" duration-ms="38875" status="PASS">
        </test-method>
      </class>
    </test>
  </suite>
</testng-results>
