<?xml version="1.0" encoding="UTF-8"?>
<testng-results total="2" passed="2" failed="0" skipped="0">
  <reporter-output>
  </reporter-output>
  <suite started-at="2022-12-27T01:34:49Z" name="Suite" finished-at="2022-12-27T01:35:42Z" duration-ms="53422">
    <groups>
    </groups>
    <test started-at="2022-12-27T01:34:49Z" name="Test" finished-at="2022-12-27T01:35:42Z" duration-ms="53422">
      <class name="Com.Naukari.QA.Com.Naukari.QA.POM.LoginLogOutBengluru">
        <test-method signature="main()" started-at="2022-12-27T01:34:49Z" name="main" finished-at="2022-12-27T01:35:16Z" duration-ms="27402" status="PASS">
        </test-method>
      </class>
      <class name="Com.Naukari.QA.Com.Naukari.QA.POM.LoginLogoutPune">
        <test-method signature="main()" started-at="2022-12-27T01:35:16Z" name="main" finished-at="2022-12-27T01:35:42Z" duration-ms="26002" status="PASS">
        </test-method>
      </class>
    </test>
  </suite>
</testng-results>
