<?xml version="1.0" encoding="UTF-8"?>
<testng-results total="1" passed="1" failed="0" skipped="0">
  <reporter-output>
  </reporter-output>
  <suite started-at="2022-12-27T10:13:30Z" name="Default suite" finished-at="2022-12-27T10:13:58Z" duration-ms="27743">
    <groups>
    </groups>
    <test started-at="2022-12-27T10:13:30Z" name="Default test" finished-at="2022-12-27T10:13:58Z" duration-ms="27743">
      <class name="Com.Naukari.QA.Com.Naukari.QA.POM.ShinePune">
        <test-method signature="main()" started-at="2022-12-27T10:13:30Z" name="main" finished-at="2022-12-27T10:13:58Z" duration-ms="27705" status="PASS">
        </test-method>
      </class>
    </test>
  </suite>
</testng-results>
