<?xml version="1.0" encoding="UTF-8"?>
<testng-results total="1" passed="1" failed="0" skipped="0">
  <reporter-output>
  </reporter-output>
  <suite started-at="2022-12-27T09:18:21Z" name="Default suite" finished-at="2022-12-27T09:19:09Z" duration-ms="47637">
    <groups>
    </groups>
    <test started-at="2022-12-27T09:18:21Z" name="Default test" finished-at="2022-12-27T09:19:09Z" duration-ms="47637">
      <class name="Com.Naukari.QA.Com.Naukari.QA.POM.LoginLogoutPune">
        <test-method signature="main()" started-at="2022-12-27T09:18:21Z" name="main" finished-at="2022-12-27T09:19:09Z" duration-ms="47618" status="PASS">
        </test-method>
      </class>
    </test>
  </suite>
</testng-results>
